  button.cpp
C:\c++ libraries\SFML-3.0.0\include\SFML\System\Exception.hpp(41,47): warning C4275: class "std::runtime_error", не являющийся dll-интерфейсом, использован в качестве базового для dll-интерфейса class "sf::Exception"
  (компиляция исходного файла "button.cpp")
      C:\Program Files\Microsoft Visual Studio\2022\Community\VC\Tools\MSVC\14.42.34433\include\stdexcept(100,19):
       см. объявление "std::runtime_error"
      C:\c++ libraries\SFML-3.0.0\include\SFML\System\Exception.hpp(41,23):
       см. объявление "sf::Exception"
  
  Game.cpp
C:\c++ libraries\SFML-3.0.0\include\SFML\System\Exception.hpp(41,47): warning C4275: class "std::runtime_error", не являющийся dll-интерфейсом, использован в качестве базового для dll-интерфейса class "sf::Exception"
  (компиляция исходного файла "Game.cpp")
      C:\Program Files\Microsoft Visual Studio\2022\Community\VC\Tools\MSVC\14.42.34433\include\stdexcept(100,19):
       см. объявление "std::runtime_error"
      C:\c++ libraries\SFML-3.0.0\include\SFML\System\Exception.hpp(41,23):
       см. объявление "sf::Exception"
  
  gameState.cpp
C:\c++ libraries\SFML-3.0.0\include\SFML\System\Exception.hpp(41,47): warning C4275: class "std::runtime_error", не являющийся dll-интерфейсом, использован в качестве базового для dll-интерфейса class "sf::Exception"
  (компиляция исходного файла "gameState.cpp")
      C:\Program Files\Microsoft Visual Studio\2022\Community\VC\Tools\MSVC\14.42.34433\include\stdexcept(100,19):
       см. объявление "std::runtime_error"
      C:\c++ libraries\SFML-3.0.0\include\SFML\System\Exception.hpp(41,23):
       см. объявление "sf::Exception"
  
  imageButton.cpp
C:\c++ libraries\SFML-3.0.0\include\SFML\System\Exception.hpp(41,47): warning C4275: class "std::runtime_error", не являющийся dll-интерфейсом, использован в качестве базового для dll-интерфейса class "sf::Exception"
  (компиляция исходного файла "imageButton.cpp")
      C:\Program Files\Microsoft Visual Studio\2022\Community\VC\Tools\MSVC\14.42.34433\include\stdexcept(100,19):
       см. объявление "std::runtime_error"
      C:\c++ libraries\SFML-3.0.0\include\SFML\System\Exception.hpp(41,23):
       см. объявление "sf::Exception"
  
  main.cpp
C:\c++ libraries\SFML-3.0.0\include\SFML\System\Exception.hpp(41,47): warning C4275: class "std::runtime_error", не являющийся dll-интерфейсом, использован в качестве базового для dll-интерфейса class "sf::Exception"
  (компиляция исходного файла "main.cpp")
      C:\Program Files\Microsoft Visual Studio\2022\Community\VC\Tools\MSVC\14.42.34433\include\stdexcept(100,19):
       см. объявление "std::runtime_error"
      C:\c++ libraries\SFML-3.0.0\include\SFML\System\Exception.hpp(41,23):
       см. объявление "sf::Exception"
  
  mainMenuState.cpp
C:\c++ libraries\SFML-3.0.0\include\SFML\System\Exception.hpp(41,47): warning C4275: class "std::runtime_error", не являющийся dll-интерфейсом, использован в качестве базового для dll-интерфейса class "sf::Exception"
  (компиляция исходного файла "mainMenuState.cpp")
      C:\Program Files\Microsoft Visual Studio\2022\Community\VC\Tools\MSVC\14.42.34433\include\stdexcept(100,19):
       см. объявление "std::runtime_error"
      C:\c++ libraries\SFML-3.0.0\include\SFML\System\Exception.hpp(41,23):
       см. объявление "sf::Exception"
  
C:\Users\user\source\repos\TheBestGames\mainMenuState.cpp(18,122): warning C4244: аргумент: преобразование "double" в "T", возможна потеря данных
C:\Users\user\source\repos\TheBestGames\mainMenuState.cpp(18,122): warning C4244:         with
C:\Users\user\source\repos\TheBestGames\mainMenuState.cpp(18,122): warning C4244:         [
C:\Users\user\source\repos\TheBestGames\mainMenuState.cpp(18,122): warning C4244:             T=float
C:\Users\user\source\repos\TheBestGames\mainMenuState.cpp(18,122): warning C4244:         ]
C:\Users\user\source\repos\TheBestGames\mainMenuState.cpp(18,70): warning C4244: аргумент: преобразование "double" в "T", возможна потеря данных
C:\Users\user\source\repos\TheBestGames\mainMenuState.cpp(18,70): warning C4244:         with
C:\Users\user\source\repos\TheBestGames\mainMenuState.cpp(18,70): warning C4244:         [
C:\Users\user\source\repos\TheBestGames\mainMenuState.cpp(18,70): warning C4244:             T=float
C:\Users\user\source\repos\TheBestGames\mainMenuState.cpp(18,70): warning C4244:         ]
  sapperGame.cpp
C:\c++ libraries\SFML-3.0.0\include\SFML\System\Exception.hpp(41,47): warning C4275: class "std::runtime_error", не являющийся dll-интерфейсом, использован в качестве базового для dll-интерфейса class "sf::Exception"
  (компиляция исходного файла "sapperGame.cpp")
      C:\Program Files\Microsoft Visual Studio\2022\Community\VC\Tools\MSVC\14.42.34433\include\stdexcept(100,19):
       см. объявление "std::runtime_error"
      C:\c++ libraries\SFML-3.0.0\include\SFML\System\Exception.hpp(41,23):
       см. объявление "sf::Exception"
  
C:\Users\user\source\repos\TheBestGames\sapperGame.cpp(23,12): warning C4244: инициализация: преобразование "T" в "int", возможна потеря данных
C:\Users\user\source\repos\TheBestGames\sapperGame.cpp(23,12): warning C4244:         with
C:\Users\user\source\repos\TheBestGames\sapperGame.cpp(23,12): warning C4244:         [
C:\Users\user\source\repos\TheBestGames\sapperGame.cpp(23,12): warning C4244:             T=float
C:\Users\user\source\repos\TheBestGames\sapperGame.cpp(23,12): warning C4244:         ]
C:\Users\user\source\repos\TheBestGames\sapperGame.cpp(24,13): warning C4244: инициализация: преобразование "T" в "int", возможна потеря данных
C:\Users\user\source\repos\TheBestGames\sapperGame.cpp(24,13): warning C4244:         with
C:\Users\user\source\repos\TheBestGames\sapperGame.cpp(24,13): warning C4244:         [
C:\Users\user\source\repos\TheBestGames\sapperGame.cpp(24,13): warning C4244:             T=float
C:\Users\user\source\repos\TheBestGames\sapperGame.cpp(24,13): warning C4244:         ]
C:\Users\user\source\repos\TheBestGames\sapperGame.cpp(29,26): warning C4244: =: преобразование "int" в "T", возможна потеря данных
C:\Users\user\source\repos\TheBestGames\sapperGame.cpp(29,26): warning C4244:         with
C:\Users\user\source\repos\TheBestGames\sapperGame.cpp(29,26): warning C4244:         [
C:\Users\user\source\repos\TheBestGames\sapperGame.cpp(29,26): warning C4244:             T=float
C:\Users\user\source\repos\TheBestGames\sapperGame.cpp(29,26): warning C4244:         ]
C:\Users\user\source\repos\TheBestGames\sapperGame.cpp(30,26): warning C4244: =: преобразование "int" в "T", возможна потеря данных
C:\Users\user\source\repos\TheBestGames\sapperGame.cpp(30,26): warning C4244:         with
C:\Users\user\source\repos\TheBestGames\sapperGame.cpp(30,26): warning C4244:         [
C:\Users\user\source\repos\TheBestGames\sapperGame.cpp(30,26): warning C4244:             T=float
C:\Users\user\source\repos\TheBestGames\sapperGame.cpp(30,26): warning C4244:         ]
C:\Users\user\source\repos\TheBestGames\sapperGame.cpp(33,28): warning C4244: =: преобразование "int" в "T", возможна потеря данных
C:\Users\user\source\repos\TheBestGames\sapperGame.cpp(33,28): warning C4244:         with
C:\Users\user\source\repos\TheBestGames\sapperGame.cpp(33,28): warning C4244:         [
C:\Users\user\source\repos\TheBestGames\sapperGame.cpp(33,28): warning C4244:             T=float
C:\Users\user\source\repos\TheBestGames\sapperGame.cpp(33,28): warning C4244:         ]
C:\Users\user\source\repos\TheBestGames\sapperGame.cpp(34,28): warning C4244: =: преобразование "int" в "T", возможна потеря данных
C:\Users\user\source\repos\TheBestGames\sapperGame.cpp(34,28): warning C4244:         with
C:\Users\user\source\repos\TheBestGames\sapperGame.cpp(34,28): warning C4244:         [
C:\Users\user\source\repos\TheBestGames\sapperGame.cpp(34,28): warning C4244:             T=float
C:\Users\user\source\repos\TheBestGames\sapperGame.cpp(34,28): warning C4244:         ]
C:\Users\user\source\repos\TheBestGames\sapperGame.cpp(41,12): warning C4244: инициализация: преобразование "T" в "int", возможна потеря данных
C:\Users\user\source\repos\TheBestGames\sapperGame.cpp(41,12): warning C4244:         with
C:\Users\user\source\repos\TheBestGames\sapperGame.cpp(41,12): warning C4244:         [
C:\Users\user\source\repos\TheBestGames\sapperGame.cpp(41,12): warning C4244:             T=float
C:\Users\user\source\repos\TheBestGames\sapperGame.cpp(41,12): warning C4244:         ]
C:\Users\user\source\repos\TheBestGames\sapperGame.cpp(42,12): warning C4244: инициализация: преобразование "T" в "int", возможна потеря данных
C:\Users\user\source\repos\TheBestGames\sapperGame.cpp(42,12): warning C4244:         with
C:\Users\user\source\repos\TheBestGames\sapperGame.cpp(42,12): warning C4244:         [
C:\Users\user\source\repos\TheBestGames\sapperGame.cpp(42,12): warning C4244:             T=float
C:\Users\user\source\repos\TheBestGames\sapperGame.cpp(42,12): warning C4244:         ]
C:\Users\user\source\repos\TheBestGames\sapperGame.cpp(50,26): warning C4244: аргумент: преобразование "T" в "const unsigned __int64", возможна потеря данных
C:\Users\user\source\repos\TheBestGames\sapperGame.cpp(50,26): warning C4244:         with
C:\Users\user\source\repos\TheBestGames\sapperGame.cpp(50,26): warning C4244:         [
C:\Users\user\source\repos\TheBestGames\sapperGame.cpp(50,26): warning C4244:             T=float
C:\Users\user\source\repos\TheBestGames\sapperGame.cpp(50,26): warning C4244:         ]
C:\Users\user\source\repos\TheBestGames\sapperGame.cpp(50,41): warning C4244: аргумент: преобразование "T" в "const unsigned __int64", возможна потеря данных
C:\Users\user\source\repos\TheBestGames\sapperGame.cpp(50,41): warning C4244:         with
C:\Users\user\source\repos\TheBestGames\sapperGame.cpp(50,41): warning C4244:         [
C:\Users\user\source\repos\TheBestGames\sapperGame.cpp(50,41): warning C4244:             T=float
C:\Users\user\source\repos\TheBestGames\sapperGame.cpp(50,41): warning C4244:         ]
C:\Users\user\source\repos\TheBestGames\sapperGame.cpp(19,12): warning C4101: newY: неиспользованная локальная переменная
C:\Users\user\source\repos\TheBestGames\sapperGame.cpp(19,6): warning C4101: newX: неиспользованная локальная переменная
C:\Users\user\source\repos\TheBestGames\sapperGame.cpp(56,12): warning C4244: инициализация: преобразование "T" в "int", возможна потеря данных
C:\Users\user\source\repos\TheBestGames\sapperGame.cpp(56,12): warning C4244:         with
C:\Users\user\source\repos\TheBestGames\sapperGame.cpp(56,12): warning C4244:         [
C:\Users\user\source\repos\TheBestGames\sapperGame.cpp(56,12): warning C4244:             T=float
C:\Users\user\source\repos\TheBestGames\sapperGame.cpp(56,12): warning C4244:         ]
C:\Users\user\source\repos\TheBestGames\sapperGame.cpp(57,13): warning C4244: инициализация: преобразование "T" в "int", возможна потеря данных
C:\Users\user\source\repos\TheBestGames\sapperGame.cpp(57,13): warning C4244:         with
C:\Users\user\source\repos\TheBestGames\sapperGame.cpp(57,13): warning C4244:         [
C:\Users\user\source\repos\TheBestGames\sapperGame.cpp(57,13): warning C4244:             T=float
C:\Users\user\source\repos\TheBestGames\sapperGame.cpp(57,13): warning C4244:         ]
C:\Users\user\source\repos\TheBestGames\sapperGame.cpp(112,62): warning C4244: аргумент: преобразование "T" в "T", возможна потеря данных
C:\Users\user\source\repos\TheBestGames\sapperGame.cpp(112,62): warning C4244:         with
C:\Users\user\source\repos\TheBestGames\sapperGame.cpp(112,62): warning C4244:         [
C:\Users\user\source\repos\TheBestGames\sapperGame.cpp(112,62): warning C4244:             T=unsigned int
C:\Users\user\source\repos\TheBestGames\sapperGame.cpp(112,62): warning C4244:         ]
C:\Users\user\source\repos\TheBestGames\sapperGame.cpp(112,62): warning C4244:         and
C:\Users\user\source\repos\TheBestGames\sapperGame.cpp(112,62): warning C4244:         [
C:\Users\user\source\repos\TheBestGames\sapperGame.cpp(112,62): warning C4244:             T=float
C:\Users\user\source\repos\TheBestGames\sapperGame.cpp(112,62): warning C4244:         ]
C:\Users\user\source\repos\TheBestGames\sapperGame.cpp(112,44): warning C4244: аргумент: преобразование "T" в "T", возможна потеря данных
C:\Users\user\source\repos\TheBestGames\sapperGame.cpp(112,44): warning C4244:         with
C:\Users\user\source\repos\TheBestGames\sapperGame.cpp(112,44): warning C4244:         [
C:\Users\user\source\repos\TheBestGames\sapperGame.cpp(112,44): warning C4244:             T=unsigned int
C:\Users\user\source\repos\TheBestGames\sapperGame.cpp(112,44): warning C4244:         ]
C:\Users\user\source\repos\TheBestGames\sapperGame.cpp(112,44): warning C4244:         and
C:\Users\user\source\repos\TheBestGames\sapperGame.cpp(112,44): warning C4244:         [
C:\Users\user\source\repos\TheBestGames\sapperGame.cpp(112,44): warning C4244:             T=float
C:\Users\user\source\repos\TheBestGames\sapperGame.cpp(112,44): warning C4244:         ]
C:\Users\user\source\repos\TheBestGames\sapperGame.cpp(116,29): warning C4834: удаление возвращаемого значения функции с атрибутом [[nodiscard]]
C:\Users\user\source\repos\TheBestGames\sapperGame.cpp(117,29): warning C4834: удаление возвращаемого значения функции с атрибутом [[nodiscard]]
C:\Users\user\source\repos\TheBestGames\sapperGame.cpp(118,29): warning C4834: удаление возвращаемого значения функции с атрибутом [[nodiscard]]
C:\Users\user\source\repos\TheBestGames\sapperGame.cpp(119,29): warning C4834: удаление возвращаемого значения функции с атрибутом [[nodiscard]]
C:\Users\user\source\repos\TheBestGames\sapperGame.cpp(120,29): warning C4834: удаление возвращаемого значения функции с атрибутом [[nodiscard]]
C:\Users\user\source\repos\TheBestGames\sapperGame.cpp(121,29): warning C4834: удаление возвращаемого значения функции с атрибутом [[nodiscard]]
C:\Users\user\source\repos\TheBestGames\sapperGame.cpp(122,29): warning C4834: удаление возвращаемого значения функции с атрибутом [[nodiscard]]
C:\Users\user\source\repos\TheBestGames\sapperGame.cpp(123,29): warning C4834: удаление возвращаемого значения функции с атрибутом [[nodiscard]]
C:\Users\user\source\repos\TheBestGames\sapperGame.cpp(124,29): warning C4834: удаление возвращаемого значения функции с атрибутом [[nodiscard]]
C:\Users\user\source\repos\TheBestGames\sapperGame.cpp(126,22): warning C4834: удаление возвращаемого значения функции с атрибутом [[nodiscard]]
C:\Users\user\source\repos\TheBestGames\sapperGame.cpp(127,24): warning C4834: удаление возвращаемого значения функции с атрибутом [[nodiscard]]
C:\Users\user\source\repos\TheBestGames\sapperGame.cpp(128,26): warning C4834: удаление возвращаемого значения функции с атрибутом [[nodiscard]]
C:\Users\user\source\repos\TheBestGames\sapperGame.cpp(129,22): warning C4834: удаление возвращаемого значения функции с атрибутом [[nodiscard]]
C:\Users\user\source\repos\TheBestGames\sapperGame.cpp(130,22): warning C4834: удаление возвращаемого значения функции с атрибутом [[nodiscard]]
C:\Users\user\source\repos\TheBestGames\sapperGame.cpp(131,26): warning C4834: удаление возвращаемого значения функции с атрибутом [[nodiscard]]
C:\Users\user\source\repos\TheBestGames\sapperGame.cpp(133,22): warning C4834: удаление возвращаемого значения функции с атрибутом [[nodiscard]]
C:\Users\user\source\repos\TheBestGames\sapperGame.cpp(134,27): warning C4834: удаление возвращаемого значения функции с атрибутом [[nodiscard]]
C:\Users\user\source\repos\TheBestGames\sapperGame.cpp(139,41): warning C4834: удаление возвращаемого значения функции с атрибутом [[nodiscard]]
C:\Users\user\source\repos\TheBestGames\sapperGame.cpp(144,51): warning C4305: аргумент: усечение из "double" в "T"
C:\Users\user\source\repos\TheBestGames\sapperGame.cpp(144,51): warning C4305:         with
C:\Users\user\source\repos\TheBestGames\sapperGame.cpp(144,51): warning C4305:         [
C:\Users\user\source\repos\TheBestGames\sapperGame.cpp(144,51): warning C4305:             T=float
C:\Users\user\source\repos\TheBestGames\sapperGame.cpp(144,51): warning C4305:         ]
C:\Users\user\source\repos\TheBestGames\sapperGame.cpp(144,42): warning C4305: аргумент: усечение из "double" в "T"
C:\Users\user\source\repos\TheBestGames\sapperGame.cpp(144,42): warning C4305:         with
C:\Users\user\source\repos\TheBestGames\sapperGame.cpp(144,42): warning C4305:         [
C:\Users\user\source\repos\TheBestGames\sapperGame.cpp(144,42): warning C4305:             T=float
C:\Users\user\source\repos\TheBestGames\sapperGame.cpp(144,42): warning C4305:         ]
C:\Users\user\source\repos\TheBestGames\sapperGame.cpp(157,43): warning C4305: аргумент: усечение из "double" в "T"
C:\Users\user\source\repos\TheBestGames\sapperGame.cpp(157,43): warning C4305:         with
C:\Users\user\source\repos\TheBestGames\sapperGame.cpp(157,43): warning C4305:         [
C:\Users\user\source\repos\TheBestGames\sapperGame.cpp(157,43): warning C4305:             T=float
C:\Users\user\source\repos\TheBestGames\sapperGame.cpp(157,43): warning C4305:         ]
C:\Users\user\source\repos\TheBestGames\sapperGame.cpp(158,43): warning C4305: аргумент: усечение из "double" в "T"
C:\Users\user\source\repos\TheBestGames\sapperGame.cpp(158,43): warning C4305:         with
C:\Users\user\source\repos\TheBestGames\sapperGame.cpp(158,43): warning C4305:         [
C:\Users\user\source\repos\TheBestGames\sapperGame.cpp(158,43): warning C4305:             T=float
C:\Users\user\source\repos\TheBestGames\sapperGame.cpp(158,43): warning C4305:         ]
C:\Users\user\source\repos\TheBestGames\sapperGame.cpp(159,43): warning C4305: аргумент: усечение из "double" в "T"
C:\Users\user\source\repos\TheBestGames\sapperGame.cpp(159,43): warning C4305:         with
C:\Users\user\source\repos\TheBestGames\sapperGame.cpp(159,43): warning C4305:         [
C:\Users\user\source\repos\TheBestGames\sapperGame.cpp(159,43): warning C4305:             T=float
C:\Users\user\source\repos\TheBestGames\sapperGame.cpp(159,43): warning C4305:         ]
C:\Users\user\source\repos\TheBestGames\sapperGame.cpp(161,43): warning C4305: аргумент: усечение из "double" в "T"
C:\Users\user\source\repos\TheBestGames\sapperGame.cpp(161,43): warning C4305:         with
C:\Users\user\source\repos\TheBestGames\sapperGame.cpp(161,43): warning C4305:         [
C:\Users\user\source\repos\TheBestGames\sapperGame.cpp(161,43): warning C4305:             T=float
C:\Users\user\source\repos\TheBestGames\sapperGame.cpp(161,43): warning C4305:         ]
C:\Users\user\source\repos\TheBestGames\sapperGame.cpp(162,43): warning C4305: аргумент: усечение из "double" в "T"
C:\Users\user\source\repos\TheBestGames\sapperGame.cpp(162,43): warning C4305:         with
C:\Users\user\source\repos\TheBestGames\sapperGame.cpp(162,43): warning C4305:         [
C:\Users\user\source\repos\TheBestGames\sapperGame.cpp(162,43): warning C4305:             T=float
C:\Users\user\source\repos\TheBestGames\sapperGame.cpp(162,43): warning C4305:         ]
C:\Users\user\source\repos\TheBestGames\sapperGame.cpp(163,43): warning C4305: аргумент: усечение из "double" в "T"
C:\Users\user\source\repos\TheBestGames\sapperGame.cpp(163,43): warning C4305:         with
C:\Users\user\source\repos\TheBestGames\sapperGame.cpp(163,43): warning C4305:         [
C:\Users\user\source\repos\TheBestGames\sapperGame.cpp(163,43): warning C4305:             T=float
C:\Users\user\source\repos\TheBestGames\sapperGame.cpp(163,43): warning C4305:         ]
C:\Users\user\source\repos\TheBestGames\sapperGame.cpp(173,70): warning C4244: аргумент: преобразование "size_t" в "T", возможна потеря данных
C:\Users\user\source\repos\TheBestGames\sapperGame.cpp(173,70): warning C4244:         with
C:\Users\user\source\repos\TheBestGames\sapperGame.cpp(173,70): warning C4244:         [
C:\Users\user\source\repos\TheBestGames\sapperGame.cpp(173,70): warning C4244:             T=float
C:\Users\user\source\repos\TheBestGames\sapperGame.cpp(173,70): warning C4244:         ]
C:\Users\user\source\repos\TheBestGames\sapperGame.cpp(173,57): warning C4244: аргумент: преобразование "size_t" в "T", возможна потеря данных
C:\Users\user\source\repos\TheBestGames\sapperGame.cpp(173,57): warning C4244:         with
C:\Users\user\source\repos\TheBestGames\sapperGame.cpp(173,57): warning C4244:         [
C:\Users\user\source\repos\TheBestGames\sapperGame.cpp(173,57): warning C4244:             T=float
C:\Users\user\source\repos\TheBestGames\sapperGame.cpp(173,57): warning C4244:         ]
C:\Users\user\source\repos\TheBestGames\sapperGame.cpp(186,43): warning C4305: аргумент: усечение из "double" в "T"
C:\Users\user\source\repos\TheBestGames\sapperGame.cpp(186,43): warning C4305:         with
C:\Users\user\source\repos\TheBestGames\sapperGame.cpp(186,43): warning C4305:         [
C:\Users\user\source\repos\TheBestGames\sapperGame.cpp(186,43): warning C4305:             T=float
C:\Users\user\source\repos\TheBestGames\sapperGame.cpp(186,43): warning C4305:         ]
C:\Users\user\source\repos\TheBestGames\sapperGame.cpp(187,43): warning C4305: аргумент: усечение из "double" в "T"
C:\Users\user\source\repos\TheBestGames\sapperGame.cpp(187,43): warning C4305:         with
C:\Users\user\source\repos\TheBestGames\sapperGame.cpp(187,43): warning C4305:         [
C:\Users\user\source\repos\TheBestGames\sapperGame.cpp(187,43): warning C4305:             T=float
C:\Users\user\source\repos\TheBestGames\sapperGame.cpp(187,43): warning C4305:         ]
C:\Users\user\source\repos\TheBestGames\sapperGame.cpp(188,43): warning C4305: аргумент: усечение из "double" в "T"
C:\Users\user\source\repos\TheBestGames\sapperGame.cpp(188,43): warning C4305:         with
C:\Users\user\source\repos\TheBestGames\sapperGame.cpp(188,43): warning C4305:         [
C:\Users\user\source\repos\TheBestGames\sapperGame.cpp(188,43): warning C4305:             T=float
C:\Users\user\source\repos\TheBestGames\sapperGame.cpp(188,43): warning C4305:         ]
C:\Users\user\source\repos\TheBestGames\sapperGame.cpp(190,43): warning C4305: аргумент: усечение из "double" в "T"
C:\Users\user\source\repos\TheBestGames\sapperGame.cpp(190,43): warning C4305:         with
C:\Users\user\source\repos\TheBestGames\sapperGame.cpp(190,43): warning C4305:         [
C:\Users\user\source\repos\TheBestGames\sapperGame.cpp(190,43): warning C4305:             T=float
C:\Users\user\source\repos\TheBestGames\sapperGame.cpp(190,43): warning C4305:         ]
C:\Users\user\source\repos\TheBestGames\sapperGame.cpp(191,43): warning C4305: аргумент: усечение из "double" в "T"
C:\Users\user\source\repos\TheBestGames\sapperGame.cpp(191,43): warning C4305:         with
C:\Users\user\source\repos\TheBestGames\sapperGame.cpp(191,43): warning C4305:         [
C:\Users\user\source\repos\TheBestGames\sapperGame.cpp(191,43): warning C4305:             T=float
C:\Users\user\source\repos\TheBestGames\sapperGame.cpp(191,43): warning C4305:         ]
C:\Users\user\source\repos\TheBestGames\sapperGame.cpp(192,43): warning C4305: аргумент: усечение из "double" в "T"
C:\Users\user\source\repos\TheBestGames\sapperGame.cpp(192,43): warning C4305:         with
C:\Users\user\source\repos\TheBestGames\sapperGame.cpp(192,43): warning C4305:         [
C:\Users\user\source\repos\TheBestGames\sapperGame.cpp(192,43): warning C4305:             T=float
C:\Users\user\source\repos\TheBestGames\sapperGame.cpp(192,43): warning C4305:         ]
C:\Users\user\source\repos\TheBestGames\sapperGame.cpp(202,70): warning C4244: аргумент: преобразование "size_t" в "T", возможна потеря данных
C:\Users\user\source\repos\TheBestGames\sapperGame.cpp(202,70): warning C4244:         with
C:\Users\user\source\repos\TheBestGames\sapperGame.cpp(202,70): warning C4244:         [
C:\Users\user\source\repos\TheBestGames\sapperGame.cpp(202,70): warning C4244:             T=float
C:\Users\user\source\repos\TheBestGames\sapperGame.cpp(202,70): warning C4244:         ]
C:\Users\user\source\repos\TheBestGames\sapperGame.cpp(202,57): warning C4244: аргумент: преобразование "size_t" в "T", возможна потеря данных
C:\Users\user\source\repos\TheBestGames\sapperGame.cpp(202,57): warning C4244:         with
C:\Users\user\source\repos\TheBestGames\sapperGame.cpp(202,57): warning C4244:         [
C:\Users\user\source\repos\TheBestGames\sapperGame.cpp(202,57): warning C4244:             T=float
C:\Users\user\source\repos\TheBestGames\sapperGame.cpp(202,57): warning C4244:         ]
C:\Users\user\source\repos\TheBestGames\sapperGame.cpp(215,43): warning C4305: аргумент: усечение из "double" в "T"
C:\Users\user\source\repos\TheBestGames\sapperGame.cpp(215,43): warning C4305:         with
C:\Users\user\source\repos\TheBestGames\sapperGame.cpp(215,43): warning C4305:         [
C:\Users\user\source\repos\TheBestGames\sapperGame.cpp(215,43): warning C4305:             T=float
C:\Users\user\source\repos\TheBestGames\sapperGame.cpp(215,43): warning C4305:         ]
C:\Users\user\source\repos\TheBestGames\sapperGame.cpp(216,43): warning C4305: аргумент: усечение из "double" в "T"
C:\Users\user\source\repos\TheBestGames\sapperGame.cpp(216,43): warning C4305:         with
C:\Users\user\source\repos\TheBestGames\sapperGame.cpp(216,43): warning C4305:         [
C:\Users\user\source\repos\TheBestGames\sapperGame.cpp(216,43): warning C4305:             T=float
C:\Users\user\source\repos\TheBestGames\sapperGame.cpp(216,43): warning C4305:         ]
C:\Users\user\source\repos\TheBestGames\sapperGame.cpp(217,43): warning C4305: аргумент: усечение из "double" в "T"
C:\Users\user\source\repos\TheBestGames\sapperGame.cpp(217,43): warning C4305:         with
C:\Users\user\source\repos\TheBestGames\sapperGame.cpp(217,43): warning C4305:         [
C:\Users\user\source\repos\TheBestGames\sapperGame.cpp(217,43): warning C4305:             T=float
C:\Users\user\source\repos\TheBestGames\sapperGame.cpp(217,43): warning C4305:         ]
C:\Users\user\source\repos\TheBestGames\sapperGame.cpp(219,43): warning C4305: аргумент: усечение из "double" в "T"
C:\Users\user\source\repos\TheBestGames\sapperGame.cpp(219,43): warning C4305:         with
C:\Users\user\source\repos\TheBestGames\sapperGame.cpp(219,43): warning C4305:         [
C:\Users\user\source\repos\TheBestGames\sapperGame.cpp(219,43): warning C4305:             T=float
C:\Users\user\source\repos\TheBestGames\sapperGame.cpp(219,43): warning C4305:         ]
C:\Users\user\source\repos\TheBestGames\sapperGame.cpp(220,43): warning C4305: аргумент: усечение из "double" в "T"
C:\Users\user\source\repos\TheBestGames\sapperGame.cpp(220,43): warning C4305:         with
C:\Users\user\source\repos\TheBestGames\sapperGame.cpp(220,43): warning C4305:         [
C:\Users\user\source\repos\TheBestGames\sapperGame.cpp(220,43): warning C4305:             T=float
C:\Users\user\source\repos\TheBestGames\sapperGame.cpp(220,43): warning C4305:         ]
C:\Users\user\source\repos\TheBestGames\sapperGame.cpp(221,43): warning C4305: аргумент: усечение из "double" в "T"
C:\Users\user\source\repos\TheBestGames\sapperGame.cpp(221,43): warning C4305:         with
C:\Users\user\source\repos\TheBestGames\sapperGame.cpp(221,43): warning C4305:         [
C:\Users\user\source\repos\TheBestGames\sapperGame.cpp(221,43): warning C4305:             T=float
C:\Users\user\source\repos\TheBestGames\sapperGame.cpp(221,43): warning C4305:         ]
C:\Users\user\source\repos\TheBestGames\sapperGame.cpp(231,70): warning C4244: аргумент: преобразование "size_t" в "T", возможна потеря данных
C:\Users\user\source\repos\TheBestGames\sapperGame.cpp(231,70): warning C4244:         with
C:\Users\user\source\repos\TheBestGames\sapperGame.cpp(231,70): warning C4244:         [
C:\Users\user\source\repos\TheBestGames\sapperGame.cpp(231,70): warning C4244:             T=float
C:\Users\user\source\repos\TheBestGames\sapperGame.cpp(231,70): warning C4244:         ]
C:\Users\user\source\repos\TheBestGames\sapperGame.cpp(231,57): warning C4244: аргумент: преобразование "size_t" в "T", возможна потеря данных
C:\Users\user\source\repos\TheBestGames\sapperGame.cpp(231,57): warning C4244:         with
C:\Users\user\source\repos\TheBestGames\sapperGame.cpp(231,57): warning C4244:         [
C:\Users\user\source\repos\TheBestGames\sapperGame.cpp(231,57): warning C4244:             T=float
C:\Users\user\source\repos\TheBestGames\sapperGame.cpp(231,57): warning C4244:         ]
C:\Users\user\source\repos\TheBestGames\sapperGame.cpp(251,52): warning C4244: =: преобразование "float" в "int", возможна потеря данных
C:\Users\user\source\repos\TheBestGames\sapperGame.cpp(295,38): warning C4244: аргумент: преобразование "size_t" в "T", возможна потеря данных
C:\Users\user\source\repos\TheBestGames\sapperGame.cpp(295,38): warning C4244:         with
C:\Users\user\source\repos\TheBestGames\sapperGame.cpp(295,38): warning C4244:         [
C:\Users\user\source\repos\TheBestGames\sapperGame.cpp(295,38): warning C4244:             T=float
C:\Users\user\source\repos\TheBestGames\sapperGame.cpp(295,38): warning C4244:         ]
C:\Users\user\source\repos\TheBestGames\sapperGame.cpp(295,35): warning C4244: аргумент: преобразование "size_t" в "T", возможна потеря данных
C:\Users\user\source\repos\TheBestGames\sapperGame.cpp(295,35): warning C4244:         with
C:\Users\user\source\repos\TheBestGames\sapperGame.cpp(295,35): warning C4244:         [
C:\Users\user\source\repos\TheBestGames\sapperGame.cpp(295,35): warning C4244:             T=float
C:\Users\user\source\repos\TheBestGames\sapperGame.cpp(295,35): warning C4244:         ]
C:\Users\user\source\repos\TheBestGames\sapperGame.cpp(298,27): warning C4834: удаление возвращаемого значения функции с атрибутом [[nodiscard]]
C:\Users\user\source\repos\TheBestGames\sapperGame.cpp(299,32): warning C4834: удаление возвращаемого значения функции с атрибутом [[nodiscard]]
C:\Users\user\source\repos\TheBestGames\sapperGame.cpp(303,20): warning C4267: аргумент: преобразование из "size_t" в "int"; возможна потеря данных
C:\Users\user\source\repos\TheBestGames\sapperGame.cpp(303,17): warning C4267: аргумент: преобразование из "size_t" в "int"; возможна потеря данных
C:\Users\user\source\repos\TheBestGames\sapperGame.cpp(334,24): warning C4834: удаление возвращаемого значения функции с атрибутом [[nodiscard]]
C:\Users\user\source\repos\TheBestGames\sapperGame.cpp(335,29): warning C4834: удаление возвращаемого значения функции с атрибутом [[nodiscard]]
C:\Users\user\source\repos\TheBestGames\sapperGame.cpp(351,17): warning C4244: =: преобразование "T" в "size_t", возможна потеря данных
C:\Users\user\source\repos\TheBestGames\sapperGame.cpp(351,17): warning C4244:         with
C:\Users\user\source\repos\TheBestGames\sapperGame.cpp(351,17): warning C4244:         [
C:\Users\user\source\repos\TheBestGames\sapperGame.cpp(351,17): warning C4244:             T=float
C:\Users\user\source\repos\TheBestGames\sapperGame.cpp(351,17): warning C4244:         ]
C:\Users\user\source\repos\TheBestGames\sapperGame.cpp(357,32): warning C4244: аргумент: преобразование "T" в "const unsigned __int64", возможна потеря данных
C:\Users\user\source\repos\TheBestGames\sapperGame.cpp(357,32): warning C4244:         with
C:\Users\user\source\repos\TheBestGames\sapperGame.cpp(357,32): warning C4244:         [
C:\Users\user\source\repos\TheBestGames\sapperGame.cpp(357,32): warning C4244:             T=float
C:\Users\user\source\repos\TheBestGames\sapperGame.cpp(357,32): warning C4244:         ]
C:\Users\user\source\repos\TheBestGames\sapperGame.cpp(357,52): warning C4244: аргумент: преобразование "T" в "const unsigned __int64", возможна потеря данных
C:\Users\user\source\repos\TheBestGames\sapperGame.cpp(357,52): warning C4244:         with
C:\Users\user\source\repos\TheBestGames\sapperGame.cpp(357,52): warning C4244:         [
C:\Users\user\source\repos\TheBestGames\sapperGame.cpp(357,52): warning C4244:             T=float
C:\Users\user\source\repos\TheBestGames\sapperGame.cpp(357,52): warning C4244:         ]
C:\Users\user\source\repos\TheBestGames\sapperGame.cpp(374,23): warning C4834: удаление возвращаемого значения функции с атрибутом [[nodiscard]]
C:\Users\user\source\repos\TheBestGames\sapperGame.cpp(375,28): warning C4834: удаление возвращаемого значения функции с атрибутом [[nodiscard]]
  sapperMenuState.cpp
C:\c++ libraries\SFML-3.0.0\include\SFML\System\Exception.hpp(41,47): warning C4275: class "std::runtime_error", не являющийся dll-интерфейсом, использован в качестве базового для dll-интерфейса class "sf::Exception"
  (компиляция исходного файла "sapperMenuState.cpp")
      C:\Program Files\Microsoft Visual Studio\2022\Community\VC\Tools\MSVC\14.42.34433\include\stdexcept(100,19):
       см. объявление "std::runtime_error"
      C:\c++ libraries\SFML-3.0.0\include\SFML\System\Exception.hpp(41,23):
       см. объявление "sf::Exception"
  
  sapperPauseMenu.cpp
C:\c++ libraries\SFML-3.0.0\include\SFML\System\Exception.hpp(41,47): warning C4275: class "std::runtime_error", не являющийся dll-интерфейсом, использован в качестве базового для dll-интерфейса class "sf::Exception"
  (компиляция исходного файла "sapperPauseMenu.cpp")
      C:\Program Files\Microsoft Visual Studio\2022\Community\VC\Tools\MSVC\14.42.34433\include\stdexcept(100,19):
       см. объявление "std::runtime_error"
      C:\c++ libraries\SFML-3.0.0\include\SFML\System\Exception.hpp(41,23):
       см. объявление "sf::Exception"
  
C:\Users\user\source\repos\TheBestGames\sapperPauseMenu.cpp(14,34): warning C4244: =: преобразование "double" в "T", возможна потеря данных
C:\Users\user\source\repos\TheBestGames\sapperPauseMenu.cpp(14,34): warning C4244:         with
C:\Users\user\source\repos\TheBestGames\sapperPauseMenu.cpp(14,34): warning C4244:         [
C:\Users\user\source\repos\TheBestGames\sapperPauseMenu.cpp(14,34): warning C4244:             T=float
C:\Users\user\source\repos\TheBestGames\sapperPauseMenu.cpp(14,34): warning C4244:         ]
C:\Users\user\source\repos\TheBestGames\sapperPauseMenu.cpp(15,34): warning C4244: =: преобразование "double" в "T", возможна потеря данных
C:\Users\user\source\repos\TheBestGames\sapperPauseMenu.cpp(15,34): warning C4244:         with
C:\Users\user\source\repos\TheBestGames\sapperPauseMenu.cpp(15,34): warning C4244:         [
C:\Users\user\source\repos\TheBestGames\sapperPauseMenu.cpp(15,34): warning C4244:             T=float
C:\Users\user\source\repos\TheBestGames\sapperPauseMenu.cpp(15,34): warning C4244:         ]
C:\Users\user\source\repos\TheBestGames\sapperPauseMenu.cpp(27,78): warning C4244: аргумент: преобразование "double" в "T", возможна потеря данных
C:\Users\user\source\repos\TheBestGames\sapperPauseMenu.cpp(27,78): warning C4244:         with
C:\Users\user\source\repos\TheBestGames\sapperPauseMenu.cpp(27,78): warning C4244:         [
C:\Users\user\source\repos\TheBestGames\sapperPauseMenu.cpp(27,78): warning C4244:             T=float
C:\Users\user\source\repos\TheBestGames\sapperPauseMenu.cpp(27,78): warning C4244:         ]
C:\Users\user\source\repos\TheBestGames\sapperPauseMenu.cpp(27,38): warning C4244: аргумент: преобразование "double" в "T", возможна потеря данных
C:\Users\user\source\repos\TheBestGames\sapperPauseMenu.cpp(27,38): warning C4244:         with
C:\Users\user\source\repos\TheBestGames\sapperPauseMenu.cpp(27,38): warning C4244:         [
C:\Users\user\source\repos\TheBestGames\sapperPauseMenu.cpp(27,38): warning C4244:             T=float
C:\Users\user\source\repos\TheBestGames\sapperPauseMenu.cpp(27,38): warning C4244:         ]
C:\Users\user\source\repos\TheBestGames\sapperPauseMenu.cpp(26,64): warning C4244: аргумент: преобразование "double" в "T", возможна потеря данных
C:\Users\user\source\repos\TheBestGames\sapperPauseMenu.cpp(26,64): warning C4244:         with
C:\Users\user\source\repos\TheBestGames\sapperPauseMenu.cpp(26,64): warning C4244:         [
C:\Users\user\source\repos\TheBestGames\sapperPauseMenu.cpp(26,64): warning C4244:             T=float
C:\Users\user\source\repos\TheBestGames\sapperPauseMenu.cpp(26,64): warning C4244:         ]
C:\Users\user\source\repos\TheBestGames\sapperPauseMenu.cpp(25,57): warning C4244: аргумент: преобразование "double" в "T", возможна потеря данных
C:\Users\user\source\repos\TheBestGames\sapperPauseMenu.cpp(25,57): warning C4244:         with
C:\Users\user\source\repos\TheBestGames\sapperPauseMenu.cpp(25,57): warning C4244:         [
C:\Users\user\source\repos\TheBestGames\sapperPauseMenu.cpp(25,57): warning C4244:             T=float
C:\Users\user\source\repos\TheBestGames\sapperPauseMenu.cpp(25,57): warning C4244:         ]
C:\Users\user\source\repos\TheBestGames\sapperPauseMenu.cpp(31,81): warning C4244: аргумент: преобразование "double" в "T", возможна потеря данных
C:\Users\user\source\repos\TheBestGames\sapperPauseMenu.cpp(31,81): warning C4244:         with
C:\Users\user\source\repos\TheBestGames\sapperPauseMenu.cpp(31,81): warning C4244:         [
C:\Users\user\source\repos\TheBestGames\sapperPauseMenu.cpp(31,81): warning C4244:             T=float
C:\Users\user\source\repos\TheBestGames\sapperPauseMenu.cpp(31,81): warning C4244:         ]
C:\Users\user\source\repos\TheBestGames\sapperPauseMenu.cpp(31,39): warning C4244: аргумент: преобразование "double" в "T", возможна потеря данных
C:\Users\user\source\repos\TheBestGames\sapperPauseMenu.cpp(31,39): warning C4244:         with
C:\Users\user\source\repos\TheBestGames\sapperPauseMenu.cpp(31,39): warning C4244:         [
C:\Users\user\source\repos\TheBestGames\sapperPauseMenu.cpp(31,39): warning C4244:             T=float
C:\Users\user\source\repos\TheBestGames\sapperPauseMenu.cpp(31,39): warning C4244:         ]
C:\Users\user\source\repos\TheBestGames\sapperPauseMenu.cpp(30,71): warning C4244: аргумент: преобразование "double" в "T", возможна потеря данных
C:\Users\user\source\repos\TheBestGames\sapperPauseMenu.cpp(30,71): warning C4244:         with
C:\Users\user\source\repos\TheBestGames\sapperPauseMenu.cpp(30,71): warning C4244:         [
C:\Users\user\source\repos\TheBestGames\sapperPauseMenu.cpp(30,71): warning C4244:             T=float
C:\Users\user\source\repos\TheBestGames\sapperPauseMenu.cpp(30,71): warning C4244:         ]
C:\Users\user\source\repos\TheBestGames\sapperPauseMenu.cpp(29,56): warning C4244: аргумент: преобразование "double" в "T", возможна потеря данных
C:\Users\user\source\repos\TheBestGames\sapperPauseMenu.cpp(29,56): warning C4244:         with
C:\Users\user\source\repos\TheBestGames\sapperPauseMenu.cpp(29,56): warning C4244:         [
C:\Users\user\source\repos\TheBestGames\sapperPauseMenu.cpp(29,56): warning C4244:             T=float
C:\Users\user\source\repos\TheBestGames\sapperPauseMenu.cpp(29,56): warning C4244:         ]
C:\Users\user\source\repos\TheBestGames\sapperPauseMenu.cpp(35,81): warning C4244: аргумент: преобразование "double" в "T", возможна потеря данных
C:\Users\user\source\repos\TheBestGames\sapperPauseMenu.cpp(35,81): warning C4244:         with
C:\Users\user\source\repos\TheBestGames\sapperPauseMenu.cpp(35,81): warning C4244:         [
C:\Users\user\source\repos\TheBestGames\sapperPauseMenu.cpp(35,81): warning C4244:             T=float
C:\Users\user\source\repos\TheBestGames\sapperPauseMenu.cpp(35,81): warning C4244:         ]
C:\Users\user\source\repos\TheBestGames\sapperPauseMenu.cpp(35,39): warning C4244: аргумент: преобразование "double" в "T", возможна потеря данных
C:\Users\user\source\repos\TheBestGames\sapperPauseMenu.cpp(35,39): warning C4244:         with
C:\Users\user\source\repos\TheBestGames\sapperPauseMenu.cpp(35,39): warning C4244:         [
C:\Users\user\source\repos\TheBestGames\sapperPauseMenu.cpp(35,39): warning C4244:             T=float
C:\Users\user\source\repos\TheBestGames\sapperPauseMenu.cpp(35,39): warning C4244:         ]
C:\Users\user\source\repos\TheBestGames\sapperPauseMenu.cpp(34,71): warning C4244: аргумент: преобразование "double" в "T", возможна потеря данных
C:\Users\user\source\repos\TheBestGames\sapperPauseMenu.cpp(34,71): warning C4244:         with
C:\Users\user\source\repos\TheBestGames\sapperPauseMenu.cpp(34,71): warning C4244:         [
C:\Users\user\source\repos\TheBestGames\sapperPauseMenu.cpp(34,71): warning C4244:             T=float
C:\Users\user\source\repos\TheBestGames\sapperPauseMenu.cpp(34,71): warning C4244:         ]
C:\Users\user\source\repos\TheBestGames\sapperPauseMenu.cpp(33,55): warning C4244: аргумент: преобразование "double" в "T", возможна потеря данных
C:\Users\user\source\repos\TheBestGames\sapperPauseMenu.cpp(33,55): warning C4244:         with
C:\Users\user\source\repos\TheBestGames\sapperPauseMenu.cpp(33,55): warning C4244:         [
C:\Users\user\source\repos\TheBestGames\sapperPauseMenu.cpp(33,55): warning C4244:             T=float
C:\Users\user\source\repos\TheBestGames\sapperPauseMenu.cpp(33,55): warning C4244:         ]
  Создание кода
  48 of 829 functions ( 5.8%) were compiled, the rest were copied from previous compilation.
    11 functions were new in current compilation
    2 functions had inline decision re-evaluated but remain unchanged
  Создание кода завершено
  TheBestGames.vcxproj -> C:\Users\user\source\repos\TheBestGames\x64\Release\TheBestGames.exe
